<?xml version="1.0" encoding="UTF-8"?>
<!-- Generated by org.testng.reporters.JUnitXMLReporter -->
<testsuite hostname="PRINHYLTPHP0159" ignored="0" name="Surefire test" tests="4" failures="0" timestamp="2020-01-10T11:55:42 IST" time="57.431" errors="0">
  <testcase name="test" time="19.197" classname="com.prabhakar.Savvy1Test"/>
  <testcase name="test" time="16.499" classname="com.prabhakar.Savvy2Test"/>
  <testcase name="googleSearch" time="10.804" classname="com.prabhakar.SampleTest"/>
  <testcase name="test" time="10.886" classname="com.prabhakar.SavvyTest"/>
</testsuite> <!-- Surefire test -->
