<?xml version="1.0" encoding="UTF-8"?>
<testsuite xmlns:xsi="http://www.w3.org/2001/XMLSchema-instance" xsi:noNamespaceSchemaLocation="https://maven.apache.org/surefire/maven-surefire-plugin/xsd/surefire-test-report.xsd" name="TestSuite" time="57.9" tests="4" errors="0" skipped="0" failures="0">
  <properties>
[...]
</properties>
  <testcase name="test" classname="com.prabhakar.Savvy1Test" time="19.199"/>
  <testcase name="test" classname="com.prabhakar.Savvy2Test" time="16.498"/>
  <testcase name="googleSearch" classname="com.prabhakar.SampleTest" time="10.805"/>
  <testcase name="test" classname="com.prabhakar.SavvyTest" time="10.885"/>
</testsuite>